<?xml version="1.0" encoding="UTF-8"?>
<testsuite name="SILab2Test" tests="1" skipped="0" failures="0" errors="0" timestamp="2022-06-02T12:23:47" hostname="DESKTOP-MPS8CRN" time="0.047">
  <properties/>
  <testcase name="everyBranchTest()" classname="SILab2Test" time="0.047"/>
  <system-out><![CDATA[]]></system-out>
  <system-err><![CDATA[]]></system-err>
</testsuite>
